[1225/154523:ERROR:crash_report_database_win.cc(562)] CreateDirectory C:\Program Files (x86)\Easthas\Reports\Dump: The system cannot find the path specified. (0x3)
[1225/154523:ERROR:registration_protocol_win.cc(82)] TransactNamedPipe: The pipe has been ended. (0x6D)
[1225/154523:ERROR:crash_report_database_win.cc(562)] CreateDirectory C:\Program Files (x86)\Easthas\Reports\Dump: The system cannot find the path specified. (0x3)
[1230/205824:ERROR:crash_report_database_win.cc(562)] CreateDirectory C:\Program Files (x86)\Easthas\Reports\Dump: The system cannot find the path specified. (0x3)
[1230/205824:ERROR:registration_protocol_win.cc(82)] TransactNamedPipe: The pipe has been ended. (0x6D)
[1230/205824:ERROR:crash_report_database_win.cc(562)] CreateDirectory C:\Program Files (x86)\Easthas\Reports\Dump: The system cannot find the path specified. (0x3)
[0103/201220:ERROR:crash_report_database_win.cc(562)] CreateDirectory C:\Program Files (x86)\Easthas\Reports\Dump: The system cannot find the path specified. (0x3)
[0103/201220:ERROR:registration_protocol_win.cc(82)] TransactNamedPipe: The pipe has been ended. (0x6D)
[0103/201220:ERROR:crash_report_database_win.cc(562)] CreateDirectory C:\Program Files (x86)\Easthas\Reports\Dump: The system cannot find the path specified. (0x3)
[0105/113010:ERROR:crash_report_database_win.cc(562)] CreateDirectory C:\Program Files (x86)\Easthas\Reports\Dump: The system cannot find the path specified. (0x3)
[0105/113010:ERROR:registration_protocol_win.cc(82)] TransactNamedPipe: The pipe has been ended. (0x6D)
[0105/113010:ERROR:crash_report_database_win.cc(562)] CreateDirectory C:\Program Files (x86)\Easthas\Reports\Dump: The system cannot find the path specified. (0x3)
[0105/115136:ERROR:crash_report_database_win.cc(562)] CreateDirectory C:\Program Files (x86)\Easthas\Reports\Dump: The system cannot find the path specified. (0x3)
[0105/115136:ERROR:registration_protocol_win.cc(82)] TransactNamedPipe: The pipe has been ended. (0x6D)
[0105/115136:ERROR:crash_report_database_win.cc(562)] CreateDirectory C:\Program Files (x86)\Easthas\Reports\Dump: The system cannot find the path specified. (0x3)
[0114/225434:ERROR:crash_report_database_win.cc(562)] CreateDirectory C:\Program Files (x86)\Easthas\Reports\Dump: The system cannot find the path specified. (0x3)
[0114/225434:ERROR:registration_protocol_win.cc(82)] TransactNamedPipe: The pipe has been ended. (0x6D)
[0114/225434:ERROR:crash_report_database_win.cc(562)] CreateDirectory C:\Program Files (x86)\Easthas\Reports\Dump: The system cannot find the path specified. (0x3)
[0119/132826:ERROR:crash_report_database_win.cc(562)] CreateDirectory C:\Program Files (x86)\Easthas\Reports\Dump: The system cannot find the path specified. (0x3)
[0119/132826:ERROR:registration_protocol_win.cc(82)] TransactNamedPipe: The pipe has been ended. (0x6D)
[0119/132826:ERROR:crash_report_database_win.cc(562)] CreateDirectory C:\Program Files (x86)\Easthas\Reports\Dump: The system cannot find the path specified. (0x3)
[0119/134058:ERROR:crash_report_database_win.cc(562)] CreateDirectory C:\Program Files (x86)\Easthas\Reports\Dump: The system cannot find the path specified. (0x3)
[0119/134058:ERROR:registration_protocol_win.cc(82)] TransactNamedPipe: The pipe has been ended. (0x6D)
[0119/134058:ERROR:crash_report_database_win.cc(562)] CreateDirectory C:\Program Files (x86)\Easthas\Reports\Dump: The system cannot find the path specified. (0x3)
[0124/223128:ERROR:crash_report_database_win.cc(562)] CreateDirectory C:\Program Files (x86)\Easthas\Reports\Dump: The system cannot find the path specified. (0x3)
[0124/223128:ERROR:registration_protocol_win.cc(82)] TransactNamedPipe: The pipe has been ended. (0x6D)
[0124/223128:ERROR:crash_report_database_win.cc(562)] CreateDirectory C:\Program Files (x86)\Easthas\Reports\Dump: The system cannot find the path specified. (0x3)
[0125/125604:ERROR:crash_report_database_win.cc(562)] CreateDirectory C:\Program Files (x86)\Easthas\Reports\Dump: The system cannot find the path specified. (0x3)
[0125/125604:ERROR:registration_protocol_win.cc(82)] TransactNamedPipe: The pipe has been ended. (0x6D)
[0125/125604:ERROR:crash_report_database_win.cc(562)] CreateDirectory C:\Program Files (x86)\Easthas\Reports\Dump: The system cannot find the path specified. (0x3)
[0125/133813:ERROR:crash_report_database_win.cc(562)] CreateDirectory C:\Program Files (x86)\Easthas\Reports\Dump: The system cannot find the path specified. (0x3)
[0125/133813:ERROR:registration_protocol_win.cc(82)] TransactNamedPipe: The pipe has been ended. (0x6D)
[0125/133813:ERROR:crash_report_database_win.cc(562)] CreateDirectory C:\Program Files (x86)\Easthas\Reports\Dump: The system cannot find the path specified. (0x3)
[0125/133828:ERROR:crash_report_database_win.cc(562)] CreateDirectory C:\Program Files (x86)\Easthas\Reports\Dump: The system cannot find the path specified. (0x3)
[0125/133828:ERROR:registration_protocol_win.cc(82)] TransactNamedPipe: The pipe has been ended. (0x6D)
[0125/133828:ERROR:crash_report_database_win.cc(562)] CreateDirectory C:\Program Files (x86)\Easthas\Reports\Dump: The system cannot find the path specified. (0x3)
[0125/144910:ERROR:crashpad_client_win.cc(433)] haven't called UseHandler()
[0207/151249:ERROR:crash_report_database_win.cc(562)] CreateDirectory C:\Program Files (x86)\Easthas\Reports\Dump: The system cannot find the path specified. (0x3)
[0207/151249:ERROR:registration_protocol_win.cc(82)] TransactNamedPipe: The pipe has been ended. (0x6D)
[0207/151249:ERROR:crash_report_database_win.cc(562)] CreateDirectory C:\Program Files (x86)\Easthas\Reports\Dump: The system cannot find the path specified. (0x3)
